0 info it worked if it ends with ok
1 verbose cli [ '/usr/bin/nodejs', '/usr/bin/npm', 'publish' ]
2 info using npm@4.1.2
3 info using node@v7.6.0
4 verbose publish [ '.' ]
5 silly cache add args [ '.', null ]
6 verbose cache add spec .
7 silly cache add parsed spec Result {
7 silly cache add   raw: '.',
7 silly cache add   scope: null,
7 silly cache add   escapedName: null,
7 silly cache add   name: null,
7 silly cache add   rawSpec: '.',
7 silly cache add   spec: '/code/tweed-env',
7 silly cache add   type: 'directory' }
8 verbose addLocalDirectory /home/emil/.npm/tweed-env/0.4.0/package.tgz not in flight; packing
9 verbose correctMkdir /home/emil/.npm correctMkdir not in flight; initializing
10 warn prepublish-on-install As of npm@5, `prepublish` scripts will run only for `npm publish`.
11 warn prepublish-on-install (In npm@4 and previous versions, it also runs for `npm install`.)
12 warn prepublish-on-install See the deprecation note in `npm help scripts` for more information.
13 info lifecycle tweed-env@0.4.0~prepublish: tweed-env@0.4.0
14 verbose lifecycle tweed-env@0.4.0~prepublish: unsafe-perm in lifecycle true
15 verbose lifecycle tweed-env@0.4.0~prepublish: PATH: /usr/lib/node_modules/npm/bin/node-gyp-bin:/code/tweed-env/node_modules/.bin:/usr/local/bin:/usr/bin:/bin:/usr/local/games:/usr/games:.:node_modules/.bin:/usr/bin:.:node_modules/.bin:/usr/local/bin:vendor/bin:/home/emil/.composer/vendor/bin
16 verbose lifecycle tweed-env@0.4.0~prepublish: CWD: /code/tweed-env
17 silly lifecycle tweed-env@0.4.0~prepublish: Args: [ '-c', 'tsc' ]
18 silly lifecycle tweed-env@0.4.0~prepublish: Returned: code: 2  signal: null
19 info lifecycle tweed-env@0.4.0~prepublish: Failed to exec prepublish script
20 error addLocal Could not install /code/tweed-env
21 verbose stack Error: tweed-env@0.4.0 prepublish: `tsc`
21 verbose stack Exit status 2
21 verbose stack     at EventEmitter.<anonymous> (/usr/lib/node_modules/npm/lib/utils/lifecycle.js:279:16)
21 verbose stack     at emitTwo (events.js:106:13)
21 verbose stack     at EventEmitter.emit (events.js:192:7)
21 verbose stack     at ChildProcess.<anonymous> (/usr/lib/node_modules/npm/lib/utils/spawn.js:40:14)
21 verbose stack     at emitTwo (events.js:106:13)
21 verbose stack     at ChildProcess.emit (events.js:192:7)
21 verbose stack     at maybeClose (internal/child_process.js:890:16)
21 verbose stack     at Process.ChildProcess._handle.onexit (internal/child_process.js:226:5)
22 verbose pkgid tweed-env@0.4.0
23 verbose cwd /code/tweed-env
24 error Linux 4.9.12-moby
25 error argv "/usr/bin/nodejs" "/usr/bin/npm" "publish"
26 error node v7.6.0
27 error npm  v4.1.2
28 error code ELIFECYCLE
29 error tweed-env@0.4.0 prepublish: `tsc`
29 error Exit status 2
30 error Failed at the tweed-env@0.4.0 prepublish script 'tsc'.
30 error Make sure you have the latest version of node.js and npm installed.
30 error If you do, this is most likely a problem with the tweed-env package,
30 error not with npm itself.
30 error Tell the author that this fails on your system:
30 error     tsc
30 error You can get information on how to open an issue for this project with:
30 error     npm bugs tweed-env
30 error Or if that isn't available, you can get their info via:
30 error     npm owner ls tweed-env
30 error There is likely additional logging output above.
31 verbose exit [ 1, true ]
